<?xml version="1.0" encoding="UTF-8"?>
<testng-results skipped="0" failed="0" ignored="0" total="2" passed="2">
  <reporter-output>
  </reporter-output>
  <suite name="Default suite" duration-ms="33192" started-at="2019-11-03T06:18:03Z" finished-at="2019-11-03T06:18:36Z">
    <groups>
    </groups>
    <test name="Default test" duration-ms="33192" started-at="2019-11-03T06:18:03Z" finished-at="2019-11-03T06:18:36Z">
      <class name="com.nationalguard.MavenDataDrivenNationalGuard.WeightCalculatorTest">
        <test-method status="PASS" signature="setup()[pri:0, instance:com.nationalguard.MavenDataDrivenNationalGuard.WeightCalculatorTest@5e5792a0]" name="setup" is-config="true" duration-ms="12717" started-at="2019-11-03T17:18:03Z" finished-at="2019-11-03T17:18:15Z">
          <reporter-output>
          </reporter-output>
        </test-method> <!-- setup -->
        <test-method status="PASS" signature="weightCalculatorFemale()[pri:0, instance:com.nationalguard.MavenDataDrivenNationalGuard.WeightCalculatorTest@5e5792a0]" name="weightCalculatorFemale" duration-ms="3406" started-at="2019-11-03T17:18:15Z" finished-at="2019-11-03T17:18:19Z">
          <reporter-output>
          </reporter-output>
        </test-method> <!-- weightCalculatorFemale -->
        <test-method status="PASS" signature="closeBrowser()[pri:0, instance:com.nationalguard.MavenDataDrivenNationalGuard.WeightCalculatorTest@5e5792a0]" name="closeBrowser" is-config="true" duration-ms="1011" started-at="2019-11-03T17:18:19Z" finished-at="2019-11-03T17:18:20Z">
          <reporter-output>
          </reporter-output>
        </test-method> <!-- closeBrowser -->
        <test-method status="PASS" signature="setup()[pri:0, instance:com.nationalguard.MavenDataDrivenNationalGuard.WeightCalculatorTest@5e5792a0]" name="setup" is-config="true" duration-ms="11418" started-at="2019-11-03T17:18:20Z" finished-at="2019-11-03T17:18:31Z">
          <reporter-output>
          </reporter-output>
        </test-method> <!-- setup -->
        <test-method status="PASS" signature="weightCalculatorMale()[pri:0, instance:com.nationalguard.MavenDataDrivenNationalGuard.WeightCalculatorTest@5e5792a0]" name="weightCalculatorMale" duration-ms="3584" started-at="2019-11-03T17:18:31Z" finished-at="2019-11-03T17:18:35Z">
          <reporter-output>
          </reporter-output>
        </test-method> <!-- weightCalculatorMale -->
        <test-method status="PASS" signature="closeBrowser()[pri:0, instance:com.nationalguard.MavenDataDrivenNationalGuard.WeightCalculatorTest@5e5792a0]" name="closeBrowser" is-config="true" duration-ms="1005" started-at="2019-11-03T17:18:35Z" finished-at="2019-11-03T17:18:36Z">
          <reporter-output>
          </reporter-output>
        </test-method> <!-- closeBrowser -->
      </class> <!-- com.nationalguard.MavenDataDrivenNationalGuard.WeightCalculatorTest -->
    </test> <!-- Default test -->
  </suite> <!-- Default suite -->
</testng-results>
